<?xml version="1.0" encoding="UTF-8"?>
<!-- Generated by org.testng.reporters.JUnitReportReporter -->
<testsuite hostname="TI-LAP-753" failures="0" tests="1" name="TestCases" time="0.006" errors="0" timestamp="2024-06-06T13:20:32 IST" skipped="0">
  <testcase classname="TestCases" name="setup" time="0.006"/>
  <system-out/>
</testsuite> <!-- TestCases -->
